[Log]: Loading: Starting the loading process
[Log]: Loading: Plugins will be loaded from /Users/sergeys/Documents/eclipseData/ZombieGame/core/ZombieGameData/GameData
[Log]: Plugin Loader: Starting plugin finding process
[Log]: Plugin Loader: Checking: Core
[Log]: Plugin Loader: Plugin Found: Core
[Log]: Plugin Loader: Finished Finding Plugins
[Log]: Plugin Loader: Starting loading process
[Log]: Plugin Loader: Loading Plugin: Core
[Debug]: Plugin Loader: Checking Directory: Core
[Debug]: Plugin Loader: Checking Directory: Core/Audio
[Debug]: Plugin Loader: Checking Directory: Core/Entity
[Debug]: Plugin Loader: Checking Directory: Core/Entity/Lantern
[Debug]: Plugin Loader: Checking Directory: Core/Players
[Debug]: Plugin Loader: Image Loading: Core/Players/ZGpotatoe.png
[Debug]: Plugin Loader: Checking Directory: Core/Weapons
[Debug]: Plugin Loader: Checking Directory: Core/Weapons/AK47
[Debug]: Plugin Loader: Loading Weapon: Core/Weapons/AK47/AK47.json
[Debug]: Plugin Loader: Succefully loaded weapon: AK47
[Debug]: Plugin Loader: Checking Directory: Core/Weapons/Grenade_Test
[Debug]: Plugin Loader: Loading Weapon: Core/Weapons/Grenade_Test/Grenade_Test.json
[Debug]: Plugin Loader: Succefully loaded weapon: Grenade_Test
[Debug]: Plugin Loader: Checking Directory: Core/Weapons/Lantern_Test
[Debug]: Plugin Loader: Loading Weapon: Core/Weapons/Lantern_Test/Lantern_Test.json
[Debug]: Texture Registry: registering: Core/Entity/Lantern/0.png
[Debug]: Texture Registry: registering: Core/Entity/Lantern/1.png
[Debug]: Plugin Loader: Succefully loaded weapon: Lantern Test
[Debug]: Plugin Loader: Checking Directory: Core/Weapons/M9
[Debug]: Plugin Loader: Loading Weapon: Core/Weapons/M9/M9.json
[Debug]: Texture Registry: registering: Core/Weapons/M9/0I.png
[Debug]: Texture Registry: registering: Core/Weapons/M9/0G.png
[Debug]: Sound Registry: registering: Core/Audio/reload.wav
[Debug]: Sound Registry: registering: Core/Audio/pistolShot.wav
[Debug]: Plugin Loader: Succefully loaded weapon: M9
[Debug]: Plugin Loader: Checking Directory: Core/Weapons/Rocket_Test
[Debug]: Plugin Loader: Loading Weapon: Core/Weapons/Rocket_Test/Rocket_Test.json
[Debug]: Plugin Loader: Succefully loaded weapon: Rocket_Test
[Debug]: Plugin Loader: Checking Directory: Core/Weapons/Shotgun_Test
[Debug]: Plugin Loader: Loading Weapon: Core/Weapons/Shotgun_Test/Shotgun_Test.json
[Debug]: Plugin Loader: Succefully loaded weapon: Shotgun Test
[Debug]: Plugin Loader: Checking Directory: Core/Weapons/Snooper_Test
[Debug]: Plugin Loader: Loading Weapon: Core/Weapons/Snooper_Test/Snooper_Test.json
[Debug]: Plugin Loader: Succefully loaded weapon: Snooper Test
[Debug]: Plugin Loader: Checking Directory: Core/Zombies
[Debug]: Plugin Loader: Image Loading: Core/Zombies/Zombiedude.png
[Log]: Plugin Loader: Loading completed
[Log]: Loading: Loading button texture
[Log]: Loading: Loading missing texture
[Log]: Loading: Loading main font
[Debug]: Texture Registry: registering: Core/explosion.png as: explosion
[Debug]: Texture Registry: registering: Core/backgroundTile2.png as: backgroundTile
[Log]: Loading: Loading completed
