[Log]: Current Time = 2016/06/14 22:39:20
[Log]: Version = 0.2.5
[Log]: Loading: Starting the loading process
[Debug]: Settings: Loading
[Log]: Settings: loaded
[Log]: Loading: Plugins will be loaded from /Users/sergeys/Documents/eclipseData/Onslaught/core/OnslaughtData/GameData
[Log]: Plugin Loader: Starting plugin finding process
[Log]: Plugin Loader: Checking: Core
[Log]: Plugin Loader: Plugin Found: Core
[Log]: Plugin Loader: Finished Finding Plugins
[Log]: Loading: Initializing Plugins
[Log]: Loading: Beginning Plugin Preloading
[Log]: Loading: Loading Plugin Data
[Log]: Plugin Loader: Starting loading process
[Log]: Plugin Loader: Loading Plugin: Core
[Debug]: Plugin Loader: Checking Directory: Core
[Debug]: Plugin Loader: Checking Directory: Core/Audio
[Debug]: Plugin Loader: Checking Directory: Core/Audio/Zombie
[Debug]: Plugin Loader: Checking Directory: Core/Blood
[Debug]: Plugin Loader: Checking Directory: Core/Buffs
[Debug]: Plugin Loader: Checking Directory: Core/Entity
[Debug]: Plugin Loader: Checking Directory: Core/Entity/Lantern
[Debug]: Plugin Loader: Checking Directory: Core/Music
[Debug]: Plugin Loader: Checking Directory: Core/Music/Game
[Debug]: Plugin Loader: Checking Directory: Core/Music/Menu
[Debug]: Plugin Loader: Checking Directory: Core/Players
[Debug]: Plugin Loader: Image Loading: Core/Players/ZGpotatoe.png
[Debug]: Plugin Loader: Checking Directory: Core/Weapons
[Debug]: Plugin Loader: Checking Directory: Core/Weapons/44 Magnum Revolver
[Debug]: Plugin Loader: Loading Weapon: Core/Weapons/44 Magnum Revolver/44 Magnum Revolver.json
[Log]: Texture Registry: registering: Core/Weapons/44 Magnum Revolver/44 Magnum Revolver.png
[Log]: Texture Registry: registering: Core/Weapons/44 Magnum Revolver/44 Magnum Revolver_Field.png
[Log]: Sound Registry: registering: Core/Audio/reload.wav
[Log]: Sound Registry: registering: Core/Audio/pistolShot.wav
[Debug]: Plugin Loader: Succefully loaded weapon: .44 Magnum Revolver
[Debug]: Plugin Loader: Checking Directory: Core/Weapons/870Remmington
[Debug]: Plugin Loader: Loading Weapon: Core/Weapons/870Remmington/870Remmington.json
[Log]: Texture Registry: registering: Core/Weapons/870Remmington/870Remmington.png
[Log]: Texture Registry: registering: Core/Weapons/870Remmington/870Remmington_Field.png
[Log]: Sound Registry: registering: Core/Audio/shotgun.wav
[Debug]: Plugin Loader: Succefully loaded weapon: 870 Remmington
[Debug]: Plugin Loader: Checking Directory: Core/Weapons/AK47
[Debug]: Plugin Loader: Loading Weapon: Core/Weapons/AK47/AK47.json
[Log]: Texture Registry: registering: Core/Weapons/AK47/AK47.png
[Log]: Texture Registry: registering: Core/Weapons/AK47/AK47_Field.png
[Debug]: Plugin Loader: Succefully loaded weapon: AK47
[Debug]: Plugin Loader: Checking Directory: Core/Weapons/Desert Eagle
[Debug]: Plugin Loader: Loading Weapon: Core/Weapons/Desert Eagle/Desert Eagle.json
[Log]: Texture Registry: registering: Core/Weapons/Desert Eagle/Desert Eagle.png
[Log]: Texture Registry: registering: Core/Weapons/Desert Eagle/Desert Eagle_Field.png
[Debug]: Plugin Loader: Succefully loaded weapon: Desert Eagle
[Debug]: Plugin Loader: Checking Directory: Core/Weapons/Lantern
[Debug]: Plugin Loader: Loading Weapon: Core/Weapons/Lantern/Lantern.json
[Log]: Texture Registry: registering: Core/Entity/Lantern/Lantern.png
[Debug]: Plugin Loader: Succefully loaded weapon: Lantern
[Debug]: Plugin Loader: Checking Directory: Core/Weapons/M134
[Debug]: Plugin Loader: Loading Weapon: Core/Weapons/M134/M134.json
[Log]: Texture Registry: registering: Core/Weapons/M134/M134.png
[Log]: Texture Registry: registering: Core/Weapons/M134/M134_Field.png
[Debug]: Plugin Loader: Succefully loaded weapon: M134
[Debug]: Plugin Loader: Checking Directory: Core/Weapons/M16
[Debug]: Plugin Loader: Loading Weapon: Core/Weapons/M16/M16.json
[Log]: Texture Registry: registering: Core/Weapons/M16/M16.png
[Log]: Texture Registry: registering: Core/Weapons/M16/M16_Field.png
[Debug]: Plugin Loader: Succefully loaded weapon: M16
[Debug]: Plugin Loader: Checking Directory: Core/Weapons/M1911
[Debug]: Plugin Loader: Loading Weapon: Core/Weapons/M1911/M1911.json
[Log]: Texture Registry: registering: Core/Weapons/M1911/M1911.png
[Log]: Texture Registry: registering: Core/Weapons/M1911/M1911_Field.png
[Debug]: Plugin Loader: Succefully loaded weapon: M1911
[Debug]: Plugin Loader: Checking Directory: Core/Weapons/M2000
[Debug]: Plugin Loader: Loading Weapon: Core/Weapons/M2000/M2000.json
[Log]: Texture Registry: registering: Core/Weapons/M2000/M2000.png
[Log]: Texture Registry: registering: Core/Weapons/M2000/M2000_Field.png
[Debug]: Plugin Loader: Succefully loaded weapon: M2000
[Debug]: Plugin Loader: Checking Directory: Core/Weapons/M79
[Debug]: Plugin Loader: Loading Weapon: Core/Weapons/M79/M79.json
[Log]: Texture Registry: registering: Core/Weapons/M79/M79.png
[Log]: Texture Registry: registering: Core/Weapons/M79/M79_Field.png
[Log]: Texture Registry: registering: Core/Weapons/M79/M79_Proj.png
[Log]: Sound Registry: registering: Core/Audio/GrenadeLauncher.wav
[Debug]: Plugin Loader: Succefully loaded weapon: M79
[Debug]: Plugin Loader: Checking Directory: Core/Weapons/M82
[Debug]: Plugin Loader: Loading Weapon: Core/Weapons/M82/M82.json
[Log]: Texture Registry: registering: Core/Weapons/M82/M82.png
[Log]: Texture Registry: registering: Core/Weapons/M82/M82_Field.png
[Debug]: Plugin Loader: Succefully loaded weapon: M82
[Debug]: Plugin Loader: Checking Directory: Core/Weapons/M9
[Debug]: Plugin Loader: Loading Weapon: Core/Weapons/M9/M9.json
[Log]: Texture Registry: registering: Core/Weapons/M9/M9.png
[Log]: Texture Registry: registering: Core/Weapons/M9/M9_Game.png
[Debug]: Plugin Loader: Succefully loaded weapon: M9
[Debug]: Plugin Loader: Checking Directory: Core/Weapons/MP5
[Debug]: Plugin Loader: Loading Weapon: Core/Weapons/MP5/MP5.json
[Log]: Texture Registry: registering: Core/Weapons/MP5/MP5.png
[Log]: Texture Registry: registering: Core/Weapons/MP5/MP5_Field.png
[Debug]: Plugin Loader: Succefully loaded weapon: MP5
[Debug]: Plugin Loader: Checking Directory: Core/Weapons/P90
[Debug]: Plugin Loader: Loading Weapon: Core/Weapons/P90/P90.json
[Log]: Texture Registry: registering: Core/Weapons/P90/P90.png
[Log]: Texture Registry: registering: Core/Weapons/P90/P90_Field.png
[Debug]: Plugin Loader: Succefully loaded weapon: P90
[Debug]: Plugin Loader: Checking Directory: Core/Weapons/RPG-7
[Debug]: Plugin Loader: Loading Weapon: Core/Weapons/RPG-7/RPG-7.json
[Log]: Texture Registry: registering: Core/Weapons/RPG-7/RPG-7.png
[Log]: Texture Registry: registering: Core/Weapons/RPG-7/RPG-7_Field.png
[Log]: Texture Registry: registering: Core/Weapons/RPG-7/RPG-7_Proj.png
[Log]: Sound Registry: registering: Core/Audio/rocketFire.wav
[Log]: Sound Registry: registering: Core/Audio/rocketFly.wav
[Debug]: Plugin Loader: Succefully loaded weapon: RPG-7
[Debug]: Plugin Loader: Checking Directory: Core/Weapons/Striker
[Debug]: Plugin Loader: Loading Weapon: Core/Weapons/Striker/Striker.json
[Log]: Texture Registry: registering: Core/Weapons/Striker/Striker.png
[Log]: Texture Registry: registering: Core/Weapons/Striker/Striker_Field.png
[Debug]: Plugin Loader: Succefully loaded weapon: Striker
[Debug]: Plugin Loader: Checking Directory: Core/Weapons/SVD
[Debug]: Plugin Loader: Loading Weapon: Core/Weapons/SVD/SVD.json
[Log]: Texture Registry: registering: Core/Weapons/SVD/SVD.png
[Log]: Texture Registry: registering: Core/Weapons/SVD/SVD_Field.png
[Debug]: Plugin Loader: Succefully loaded weapon: SVD
[Debug]: Plugin Loader: Checking Directory: Core/Weapons/UMP
[Debug]: Plugin Loader: Loading Weapon: Core/Weapons/UMP/UMP.json
[Log]: Texture Registry: registering: Core/Weapons/UMP/UMP.png
[Log]: Texture Registry: registering: Core/Weapons/UMP/UMP_Field.png
[Debug]: Plugin Loader: Succefully loaded weapon: UMP
[Debug]: Plugin Loader: Checking Directory: Core/Zombies
[Debug]: Plugin Loader: Image Loading: Core/Zombies/Zombiedude.png
[Log]: Plugin Loader: Loading completed
[Log]: Loading: Beginning Plugin Loading
[Log]: Loading: Beginning Plugin Postloading
[Log]: Texture Registry: registering: Core/explosion.png as: explosion
[Log]: Texture Registry: registering: Core/backgroundTile2.png as: backgroundTile
[Log]: Texture Registry: registering: Core/HealthBox.png as: healthPack
[Log]: Texture Registry: registering: Core/UpgradeArrow.png as: upgradeArrow
[Log]: Texture Registry: registering: Core/Blood/blood1.png as: blood/core/blood1
[Log]: Sound Registry: registering: Core/Audio/Zombie/ZombieGrowl1.wav
[Log]: Sound Registry: registering: Core/Audio/Zombie/ZombieGrowl2.wav
[Log]: Sound Registry: registering: Core/Audio/Zombie/ZombieGrowl3.wav
[Log]: Sound Registry: registering: Core/Audio/Zombie/ZombieGrowl4.wav
[Log]: Sound Registry: registering: Core/Audio/Zombie/ZombieGrowl5.wav
[Log]: Sound Registry: registering: Core/Audio/Zombie/ZombieGrowl6.wav
[Log]: Sound Registry: registering: Core/Audio/explode.wav
[Log]: Loading: Loading main font
[Log]: Loading: Loading completed
[Debug]: Settings: saving
[Log]: Settings: saved
[Log]: Loading: Loading missing texture
[ERROR]: Failed to measure most up to date version.
java.io.FileNotFoundException: https://raw.githubusercontent.com/AmityHighCSDevTeam/Onslaught/master/core/OnslaughtData/version.txt
	at sun.net.www.protocol.http.HttpURLConnection.getInputStream0(HttpURLConnection.java:1835)
	at sun.net.www.protocol.http.HttpURLConnection.getInputStream(HttpURLConnection.java:1440)
	at sun.net.www.protocol.https.HttpsURLConnectionImpl.getInputStream(HttpsURLConnectionImpl.java:254)
	at java.net.URL.openStream(URL.java:1038)
	at org.amityregion5.onslaught.Onslaught.lambda$0(Onslaught.java:121)
	at org.amityregion5.onslaught.Onslaught$$Lambda$2/614964512.run(Unknown Source)
	at java.lang.Thread.run(Thread.java:745)
[Log]: Loading: Loading background shader
[Debug]: Playing Music: Core/Music/Menu/Ossuary 6 - Air.mp3 at volume 1.0
[Debug]: Playing Music: Core/Music/Game/Escape.mp3 at volume 0.3
